<?xml version="1.0" encoding="UTF-8"?>
<!-- Generated by org.testng.reporters.JUnitReportReporter -->
<testsuite hostname="LAPTOP-V8CEO3OU" failures="0" tests="1" name="kiteTest.ValidateKiteUserIDProperty" time="4.122" errors="0" timestamp="2022-07-11T15:35:35 IST" skipped="0">
  <testcase classname="kiteTest.ValidateKiteUserIDProperty" name="validateUserID" time="4.122"/>
  <system-out/>
</testsuite> <!-- kiteTest.ValidateKiteUserIDProperty -->
