<?xml version="1.0" encoding="UTF-8"?>
<!-- Generated by org.testng.reporters.JUnitReportReporter -->
<testsuite hostname="LAPTOP-V8CEO3OU" failures="0" tests="3" name="testNgKeyWords.TestClass2" time="0.003" errors="0" timestamp="2022-06-25T00:23:23 IST" skipped="0">
  <testcase classname="testNgKeyWords.TestClass2" name="y" time="0.001"/>
  <system-out>
    <![CDATA[y is running ]]>
  </system-out>
  <testcase classname="testNgKeyWords.TestClass2" name="x" time="0.001"/>
  <system-out>
    <![CDATA[x is running ]]>
  </system-out>
  <testcase classname="testNgKeyWords.TestClass2" name="z" time="0.001"/>
  <system-out>
    <![CDATA[z is running ]]>
  </system-out>
</testsuite> <!-- testNgKeyWords.TestClass2 -->
