<?xml version="1.0" encoding="UTF-8"?>
<!-- Generated by org.testng.reporters.JUnitReportReporter -->
<testsuite hostname="LAPTOP-V8CEO3OU" failures="0" tests="3" name="testNgKeyWords.DependsOnMethodsUse" time="0.009" errors="0" timestamp="2022-06-25T00:22:12 IST" skipped="0">
  <testcase classname="testNgKeyWords.DependsOnMethodsUse" name="a" time="0.007"/>
  <system-out>
    <![CDATA[a method is running ]]>
  </system-out>
  <testcase classname="testNgKeyWords.DependsOnMethodsUse" name="z" time="0.002"/>
  <system-out>
    <![CDATA[z method is runnig ]]>
  </system-out>
  <testcase classname="testNgKeyWords.DependsOnMethodsUse" name="d" time="0.000"/>
  <system-out>
    <![CDATA[d method is running]]>
  </system-out>
</testsuite> <!-- testNgKeyWords.DependsOnMethodsUse -->
