<?xml version="1.0" encoding="UTF-8"?>
<!-- Generated by org.testng.reporters.JUnitReportReporter -->
<testsuite hostname="LAPTOP-V8CEO3OU" failures="0" tests="2" name="testNgStudy.HardAssertStudy" time="0.008" errors="0" timestamp="2022-06-29T14:00:29 IST" skipped="1">
  <testcase classname="testNgStudy.HardAssertStudy" name="TC2" time="0.008"/>
  <system-out/>
  <testcase classname="testNgStudy.HardAssertStudy" name="TC1">
    <skipped/>
  </testcase> <!-- TC1 -->
  <system-out/>
</testsuite> <!-- testNgStudy.HardAssertStudy -->
