<?xml version="1.0" encoding="UTF-8"?>
<!-- Generated by org.testng.reporters.JUnitReportReporter -->
<testsuite hostname="LAPTOP-V8CEO3OU" failures="0" tests="2" name="anotation_Study.AnotationClass" time="0.013" errors="0" timestamp="2022-06-23T11:03:01 IST" skipped="0">
  <testcase classname="anotation_Study.AnotationClass" name="validateUserName" time="0.007"/>
  <system-out>
    <![CDATA[UserName Validated]]>
  </system-out>
  <testcase classname="anotation_Study.AnotationClass" name="validateDashBoard" time="0.006"/>
  <system-out>
    <![CDATA[DashBoard Validate]]>
  </system-out>
</testsuite> <!-- anotation_Study.AnotationClass -->
