<?xml version="1.0" encoding="UTF-8"?>
<!-- Generated by org.testng.reporters.JUnitReportReporter -->
<testsuite hostname="LAPTOP-V8CEO3OU" failures="0" tests="1" name="crossBrowsertest.firefox1" time="7.195" errors="0" timestamp="2022-07-01T14:10:33 IST" skipped="0">
  <testcase classname="crossBrowsertest.firefox1" name="myMethod" time="7.195"/>
  <system-out/>
</testsuite> <!-- crossBrowsertest.firefox1 -->
