<?xml version="1.0" encoding="UTF-8"?>
<!-- Generated by org.testng.reporters.JUnitReportReporter -->
<testsuite hostname="LAPTOP-V8CEO3OU" failures="0" tests="3" name="testNgKeyWords.TestClass1" time="0.010" errors="0" timestamp="2022-06-25T00:23:23 IST" skipped="0">
  <testcase classname="testNgKeyWords.TestClass1" name="p" time="0.007"/>
  <system-out>
    <![CDATA[p is running]]>
  </system-out>
  <testcase classname="testNgKeyWords.TestClass1" name="q" time="0.002"/>
  <system-out>
    <![CDATA[q is running ]]>
  </system-out>
  <testcase classname="testNgKeyWords.TestClass1" name="r" time="0.001"/>
  <system-out>
    <![CDATA[r is running]]>
  </system-out>
</testsuite> <!-- testNgKeyWords.TestClass1 -->
