<?xml version="1.0" encoding="UTF-8"?>
<!-- Generated by org.testng.reporters.JUnitReportReporter -->
<testsuite hostname="LAPTOP-V8CEO3OU" failures="0" tests="3" name="testNgKeyWords.InovocationCountStudy" time="0.003" errors="0" timestamp="2022-06-23T11:55:41 IST" skipped="0">
  <testcase classname="testNgKeyWords.InovocationCountStudy" name="a" time="0.001"/>
  <system-out>
    <![CDATA[a mention is runnig]]>
  </system-out>
  <testcase classname="testNgKeyWords.InovocationCountStudy" name="a" time="0.001"/>
  <system-out>
    <![CDATA[a mention is runnig]]>
  </system-out>
  <testcase classname="testNgKeyWords.InovocationCountStudy" name="a" time="0.001"/>
  <system-out>
    <![CDATA[a mention is runnig]]>
  </system-out>
</testsuite> <!-- testNgKeyWords.InovocationCountStudy -->
