<?xml version="1.0" encoding="UTF-8"?>
<!-- Generated by org.testng.reporters.JUnitReportReporter -->
<testsuite hostname="LAPTOP-V8CEO3OU" failures="0" tests="2" name="testEngine.MyTestClass" time="10.258" errors="0" timestamp="2022-06-23T10:33:23 IST" skipped="0">
  <testcase classname="testEngine.MyTestClass" name="test2" time="5.184"/>
  <system-out/>
  <testcase classname="testEngine.MyTestClass" name="MyTestClass" time="5.074"/>
  <system-out>
    <![CDATA[Hi this reporter output
Hi this is reporter output true ]]>
  </system-out>
</testsuite> <!-- testEngine.MyTestClass -->
