<?xml version="1.0" encoding="UTF-8"?>
<!-- Generated by org.testng.reporters.JUnitReportReporter -->
<testsuite hostname="LAPTOP-V8CEO3OU" failures="0" tests="1" name="crossBrowsertest.FireFoxTest" time="13.523" errors="0" timestamp="2022-08-30T01:06:51 IST" skipped="0">
  <testcase classname="crossBrowsertest.FireFoxTest" name="myMethod" time="13.523"/>
  <system-out/>
</testsuite> <!-- crossBrowsertest.FireFoxTest -->
