<?xml version="1.0" encoding="UTF-8"?>
<!-- Generated by org.testng.reporters.JUnitReportReporter -->
<testsuite hostname="LAPTOP-V8CEO3OU" failures="0" tests="3" name="testNgKeyWords.EnableUse" time="0.010" errors="0" timestamp="2022-06-23T11:55:41 IST" skipped="1">
  <testcase classname="testNgKeyWords.EnableUse" name="c" time="0.002"/>
  <system-out>
    <![CDATA[c is running ]]>
  </system-out>
  <testcase classname="testNgKeyWords.EnableUse" name="a" time="0.008"/>
  <system-out>
    <![CDATA[a is runnig]]>
  </system-out>
  <testcase classname="testNgKeyWords.EnableUse" name="b">
    <skipped/>
  </testcase> <!-- b -->
  <system-out/>
</testsuite> <!-- testNgKeyWords.EnableUse -->
