<?xml version="1.0" encoding="UTF-8"?>
<!-- Generated by org.testng.reporters.JUnitReportReporter -->
<testsuite hostname="LAPTOP-V8CEO3OU" failures="0" tests="2" name="testNgKeyWords.PriorityUse" time="0.011" errors="0" timestamp="2022-06-26T22:18:46 IST" skipped="0">
  <testcase classname="testNgKeyWords.PriorityUse" name="d" time="0.010"/>
  <system-out>
    <![CDATA[d method is runnig]]>
  </system-out>
  <testcase classname="testNgKeyWords.PriorityUse" name="z" time="0.001"/>
  <system-out>
    <![CDATA[z method is running ]]>
  </system-out>
</testsuite> <!-- testNgKeyWords.PriorityUse -->
