<?xml version="1.0" encoding="UTF-8"?>
<!-- Generated by org.testng.reporters.JUnitReportReporter -->
<testsuite hostname="LAPTOP-V8CEO3OU" failures="0" tests="2" name="testNgKeyWords.TestClass4" time="0.001" errors="0" timestamp="2022-06-26T22:36:58 IST" skipped="0">
  <testcase classname="testNgKeyWords.TestClass4" name="q" time="0.000"/>
  <system-out>
    <![CDATA[q is running]]>
  </system-out>
  <testcase classname="testNgKeyWords.TestClass4" name="r" time="0.001"/>
  <system-out>
    <![CDATA[r is running ]]>
  </system-out>
</testsuite> <!-- testNgKeyWords.TestClass4 -->
