<?xml version="1.0" encoding="UTF-8"?>
<!-- Generated by org.testng.reporters.JUnitReportReporter -->
<testsuite hostname="LAPTOP-V8CEO3OU" failures="0" tests="1" name="testNgKeyWords.TestClass3" time="0.007" errors="0" timestamp="2022-06-26T22:36:58 IST" skipped="0">
  <testcase classname="testNgKeyWords.TestClass3" name="z" time="0.007"/>
  <system-out>
    <![CDATA[z is running ]]>
  </system-out>
</testsuite> <!-- testNgKeyWords.TestClass3 -->
