<?xml version="1.0" encoding="UTF-8"?>
<!-- Generated by org.testng.reporters.JUnitReportReporter -->
<testsuite hostname="LAPTOP-V8CEO3OU" failures="0" tests="1" name="testEngine.myMethodClass" time="4.118" errors="0" timestamp="2022-06-22T11:24:10 IST" skipped="0">
  <testcase classname="testEngine.myMethodClass" name="myMethod" time="4.118"/>
  <system-out/>
</testsuite> <!-- testEngine.myMethodClass -->
